[2023-04-27 06:10:28] local.ERROR: SQLSTATE[HY000] [1045] Access denied for user 'root'@'localhost' (using password: NO) (SQL: select * from information_schema.tables where table_schema = laravel and table_name = migrations and table_type = 'BASE TABLE') {"exception":"[object] (Illuminate\\Database\\QueryException(code: 1045): SQLSTATE[HY000] [1045] Access denied for user 'root'@'localhost' (using password: NO) (SQL: select * from information_schema.tables where table_schema = laravel and table_name = migrations and table_type = 'BASE TABLE') at /home/thamjeed/Documents/lantern-registration/vendor/laravel/framework/src/Illuminate/Database/Connection.php:712)
[stacktrace]
#0 /home/thamjeed/Documents/lantern-registration/vendor/laravel/framework/src/Illuminate/Database/Connection.php(672): Illuminate\\Database\\Connection->runQueryCallback()
#1 /home/thamjeed/Documents/lantern-registration/vendor/laravel/framework/src/Illuminate/Database/Connection.php(376): Illuminate\\Database\\Connection->run()
#2 /home/thamjeed/Documents/lantern-registration/vendor/laravel/framework/src/Illuminate/Database/Schema/MySqlBuilder.php(44): Illuminate\\Database\\Connection->select()
#3 /home/thamjeed/Documents/lantern-registration/vendor/laravel/framework/src/Illuminate/Database/Migrations/DatabaseMigrationRepository.php(169): Illuminate\\Database\\Schema\\MySqlBuilder->hasTable()
#4 /home/thamjeed/Documents/lantern-registration/vendor/laravel/framework/src/Illuminate/Database/Migrations/Migrator.php(673): Illuminate\\Database\\Migrations\\DatabaseMigrationRepository->repositoryExists()
#5 /home/thamjeed/Documents/lantern-registration/vendor/laravel/framework/src/Illuminate/Database/Console/Migrations/MigrateCommand.php(110): Illuminate\\Database\\Migrations\\Migrator->repositoryExists()
#6 /home/thamjeed/Documents/lantern-registration/vendor/laravel/framework/src/Illuminate/Database/Console/Migrations/MigrateCommand.php(78): Illuminate\\Database\\Console\\Migrations\\MigrateCommand->prepareDatabase()
#7 /home/thamjeed/Documents/lantern-registration/vendor/laravel/framework/src/Illuminate/Database/Migrations/Migrator.php(606): Illuminate\\Database\\Console\\Migrations\\MigrateCommand->Illuminate\\Database\\Console\\Migrations\\{closure}()
#8 /home/thamjeed/Documents/lantern-registration/vendor/laravel/framework/src/Illuminate/Database/Console/Migrations/MigrateCommand.php(98): Illuminate\\Database\\Migrations\\Migrator->usingConnection()
#9 /home/thamjeed/Documents/lantern-registration/vendor/laravel/framework/src/Illuminate/Container/BoundMethod.php(36): Illuminate\\Database\\Console\\Migrations\\MigrateCommand->handle()
#10 /home/thamjeed/Documents/lantern-registration/vendor/laravel/framework/src/Illuminate/Container/Util.php(40): Illuminate\\Container\\BoundMethod::Illuminate\\Container\\{closure}()
#11 /home/thamjeed/Documents/lantern-registration/vendor/laravel/framework/src/Illuminate/Container/BoundMethod.php(93): Illuminate\\Container\\Util::unwrapIfClosure()
#12 /home/thamjeed/Documents/lantern-registration/vendor/laravel/framework/src/Illuminate/Container/BoundMethod.php(37): Illuminate\\Container\\BoundMethod::callBoundMethod()
#13 /home/thamjeed/Documents/lantern-registration/vendor/laravel/framework/src/Illuminate/Container/Container.php(653): Illuminate\\Container\\BoundMethod::call()
#14 /home/thamjeed/Documents/lantern-registration/vendor/laravel/framework/src/Illuminate/Console/Command.php(136): Illuminate\\Container\\Container->call()
#15 /home/thamjeed/Documents/lantern-registration/vendor/symfony/console/Command/Command.php(298): Illuminate\\Console\\Command->execute()
#16 /home/thamjeed/Documents/lantern-registration/vendor/laravel/framework/src/Illuminate/Console/Command.php(121): Symfony\\Component\\Console\\Command\\Command->run()
#17 /home/thamjeed/Documents/lantern-registration/vendor/laravel/framework/src/Illuminate/Console/Concerns/CallsCommands.php(68): Illuminate\\Console\\Command->run()
#18 /home/thamjeed/Documents/lantern-registration/vendor/laravel/framework/src/Illuminate/Console/Concerns/CallsCommands.php(28): Illuminate\\Console\\Command->runCommand()
#19 /home/thamjeed/Documents/lantern-registration/vendor/encore/laravel-admin/src/Console/InstallCommand.php(49): Illuminate\\Console\\Command->call()
#20 /home/thamjeed/Documents/lantern-registration/vendor/encore/laravel-admin/src/Console/InstallCommand.php(37): Encore\\Admin\\Console\\InstallCommand->initDatabase()
#21 /home/thamjeed/Documents/lantern-registration/vendor/laravel/framework/src/Illuminate/Container/BoundMethod.php(36): Encore\\Admin\\Console\\InstallCommand->handle()
#22 /home/thamjeed/Documents/lantern-registration/vendor/laravel/framework/src/Illuminate/Container/Util.php(40): Illuminate\\Container\\BoundMethod::Illuminate\\Container\\{closure}()
#23 /home/thamjeed/Documents/lantern-registration/vendor/laravel/framework/src/Illuminate/Container/BoundMethod.php(93): Illuminate\\Container\\Util::unwrapIfClosure()
#24 /home/thamjeed/Documents/lantern-registration/vendor/laravel/framework/src/Illuminate/Container/BoundMethod.php(37): Illuminate\\Container\\BoundMethod::callBoundMethod()
#25 /home/thamjeed/Documents/lantern-registration/vendor/laravel/framework/src/Illuminate/Container/Container.php(653): Illuminate\\Container\\BoundMethod::call()
#26 /home/thamjeed/Documents/lantern-registration/vendor/laravel/framework/src/Illuminate/Console/Command.php(136): Illuminate\\Container\\Container->call()
#27 /home/thamjeed/Documents/lantern-registration/vendor/symfony/console/Command/Command.php(298): Illuminate\\Console\\Command->execute()
#28 /home/thamjeed/Documents/lantern-registration/vendor/laravel/framework/src/Illuminate/Console/Command.php(121): Symfony\\Component\\Console\\Command\\Command->run()
#29 /home/thamjeed/Documents/lantern-registration/vendor/symfony/console/Application.php(1040): Illuminate\\Console\\Command->run()
#30 /home/thamjeed/Documents/lantern-registration/vendor/symfony/console/Application.php(301): Symfony\\Component\\Console\\Application->doRunCommand()
#31 /home/thamjeed/Documents/lantern-registration/vendor/symfony/console/Application.php(171): Symfony\\Component\\Console\\Application->doRun()
#32 /home/thamjeed/Documents/lantern-registration/vendor/laravel/framework/src/Illuminate/Console/Application.php(94): Symfony\\Component\\Console\\Application->run()
#33 /home/thamjeed/Documents/lantern-registration/vendor/laravel/framework/src/Illuminate/Foundation/Console/Kernel.php(129): Illuminate\\Console\\Application->run()
#34 /home/thamjeed/Documents/lantern-registration/artisan(37): Illuminate\\Foundation\\Console\\Kernel->handle()
#35 {main}

[previous exception] [object] (PDOException(code: 1045): SQLSTATE[HY000] [1045] Access denied for user 'root'@'localhost' (using password: NO) at /home/thamjeed/Documents/lantern-registration/vendor/laravel/framework/src/Illuminate/Database/Connectors/Connector.php:70)
[stacktrace]
#0 /home/thamjeed/Documents/lantern-registration/vendor/laravel/framework/src/Illuminate/Database/Connectors/Connector.php(70): PDO->__construct()
#1 /home/thamjeed/Documents/lantern-registration/vendor/laravel/framework/src/Illuminate/Database/Connectors/Connector.php(46): Illuminate\\Database\\Connectors\\Connector->createPdoConnection()
#2 /home/thamjeed/Documents/lantern-registration/vendor/laravel/framework/src/Illuminate/Database/Connectors/MySqlConnector.php(24): Illuminate\\Database\\Connectors\\Connector->createConnection()
#3 /home/thamjeed/Documents/lantern-registration/vendor/laravel/framework/src/Illuminate/Database/Connectors/ConnectionFactory.php(184): Illuminate\\Database\\Connectors\\MySqlConnector->connect()
#4 [internal function]: Illuminate\\Database\\Connectors\\ConnectionFactory->Illuminate\\Database\\Connectors\\{closure}()
#5 /home/thamjeed/Documents/lantern-registration/vendor/laravel/framework/src/Illuminate/Database/Connection.php(1064): call_user_func()
#6 /home/thamjeed/Documents/lantern-registration/vendor/laravel/framework/src/Illuminate/Database/Connection.php(1100): Illuminate\\Database\\Connection->getPdo()
#7 /home/thamjeed/Documents/lantern-registration/vendor/laravel/framework/src/Illuminate/Database/Connection.php(442): Illuminate\\Database\\Connection->getReadPdo()
#8 /home/thamjeed/Documents/lantern-registration/vendor/laravel/framework/src/Illuminate/Database/Connection.php(368): Illuminate\\Database\\Connection->getPdoForSelect()
#9 /home/thamjeed/Documents/lantern-registration/vendor/laravel/framework/src/Illuminate/Database/Connection.php(705): Illuminate\\Database\\Connection->Illuminate\\Database\\{closure}()
#10 /home/thamjeed/Documents/lantern-registration/vendor/laravel/framework/src/Illuminate/Database/Connection.php(672): Illuminate\\Database\\Connection->runQueryCallback()
#11 /home/thamjeed/Documents/lantern-registration/vendor/laravel/framework/src/Illuminate/Database/Connection.php(376): Illuminate\\Database\\Connection->run()
#12 /home/thamjeed/Documents/lantern-registration/vendor/laravel/framework/src/Illuminate/Database/Schema/MySqlBuilder.php(44): Illuminate\\Database\\Connection->select()
#13 /home/thamjeed/Documents/lantern-registration/vendor/laravel/framework/src/Illuminate/Database/Migrations/DatabaseMigrationRepository.php(169): Illuminate\\Database\\Schema\\MySqlBuilder->hasTable()
#14 /home/thamjeed/Documents/lantern-registration/vendor/laravel/framework/src/Illuminate/Database/Migrations/Migrator.php(673): Illuminate\\Database\\Migrations\\DatabaseMigrationRepository->repositoryExists()
#15 /home/thamjeed/Documents/lantern-registration/vendor/laravel/framework/src/Illuminate/Database/Console/Migrations/MigrateCommand.php(110): Illuminate\\Database\\Migrations\\Migrator->repositoryExists()
#16 /home/thamjeed/Documents/lantern-registration/vendor/laravel/framework/src/Illuminate/Database/Console/Migrations/MigrateCommand.php(78): Illuminate\\Database\\Console\\Migrations\\MigrateCommand->prepareDatabase()
#17 /home/thamjeed/Documents/lantern-registration/vendor/laravel/framework/src/Illuminate/Database/Migrations/Migrator.php(606): Illuminate\\Database\\Console\\Migrations\\MigrateCommand->Illuminate\\Database\\Console\\Migrations\\{closure}()
#18 /home/thamjeed/Documents/lantern-registration/vendor/laravel/framework/src/Illuminate/Database/Console/Migrations/MigrateCommand.php(98): Illuminate\\Database\\Migrations\\Migrator->usingConnection()
#19 /home/thamjeed/Documents/lantern-registration/vendor/laravel/framework/src/Illuminate/Container/BoundMethod.php(36): Illuminate\\Database\\Console\\Migrations\\MigrateCommand->handle()
#20 /home/thamjeed/Documents/lantern-registration/vendor/laravel/framework/src/Illuminate/Container/Util.php(40): Illuminate\\Container\\BoundMethod::Illuminate\\Container\\{closure}()
#21 /home/thamjeed/Documents/lantern-registration/vendor/laravel/framework/src/Illuminate/Container/BoundMethod.php(93): Illuminate\\Container\\Util::unwrapIfClosure()
#22 /home/thamjeed/Documents/lantern-registration/vendor/laravel/framework/src/Illuminate/Container/BoundMethod.php(37): Illuminate\\Container\\BoundMethod::callBoundMethod()
#23 /home/thamjeed/Documents/lantern-registration/vendor/laravel/framework/src/Illuminate/Container/Container.php(653): Illuminate\\Container\\BoundMethod::call()
#24 /home/thamjeed/Documents/lantern-registration/vendor/laravel/framework/src/Illuminate/Console/Command.php(136): Illuminate\\Container\\Container->call()
#25 /home/thamjeed/Documents/lantern-registration/vendor/symfony/console/Command/Command.php(298): Illuminate\\Console\\Command->execute()
#26 /home/thamjeed/Documents/lantern-registration/vendor/laravel/framework/src/Illuminate/Console/Command.php(121): Symfony\\Component\\Console\\Command\\Command->run()
#27 /home/thamjeed/Documents/lantern-registration/vendor/laravel/framework/src/Illuminate/Console/Concerns/CallsCommands.php(68): Illuminate\\Console\\Command->run()
#28 /home/thamjeed/Documents/lantern-registration/vendor/laravel/framework/src/Illuminate/Console/Concerns/CallsCommands.php(28): Illuminate\\Console\\Command->runCommand()
#29 /home/thamjeed/Documents/lantern-registration/vendor/encore/laravel-admin/src/Console/InstallCommand.php(49): Illuminate\\Console\\Command->call()
#30 /home/thamjeed/Documents/lantern-registration/vendor/encore/laravel-admin/src/Console/InstallCommand.php(37): Encore\\Admin\\Console\\InstallCommand->initDatabase()
#31 /home/thamjeed/Documents/lantern-registration/vendor/laravel/framework/src/Illuminate/Container/BoundMethod.php(36): Encore\\Admin\\Console\\InstallCommand->handle()
#32 /home/thamjeed/Documents/lantern-registration/vendor/laravel/framework/src/Illuminate/Container/Util.php(40): Illuminate\\Container\\BoundMethod::Illuminate\\Container\\{closure}()
#33 /home/thamjeed/Documents/lantern-registration/vendor/laravel/framework/src/Illuminate/Container/BoundMethod.php(93): Illuminate\\Container\\Util::unwrapIfClosure()
#34 /home/thamjeed/Documents/lantern-registration/vendor/laravel/framework/src/Illuminate/Container/BoundMethod.php(37): Illuminate\\Container\\BoundMethod::callBoundMethod()
#35 /home/thamjeed/Documents/lantern-registration/vendor/laravel/framework/src/Illuminate/Container/Container.php(653): Illuminate\\Container\\BoundMethod::call()
#36 /home/thamjeed/Documents/lantern-registration/vendor/laravel/framework/src/Illuminate/Console/Command.php(136): Illuminate\\Container\\Container->call()
#37 /home/thamjeed/Documents/lantern-registration/vendor/symfony/console/Command/Command.php(298): Illuminate\\Console\\Command->execute()
#38 /home/thamjeed/Documents/lantern-registration/vendor/laravel/framework/src/Illuminate/Console/Command.php(121): Symfony\\Component\\Console\\Command\\Command->run()
#39 /home/thamjeed/Documents/lantern-registration/vendor/symfony/console/Application.php(1040): Illuminate\\Console\\Command->run()
#40 /home/thamjeed/Documents/lantern-registration/vendor/symfony/console/Application.php(301): Symfony\\Component\\Console\\Application->doRunCommand()
#41 /home/thamjeed/Documents/lantern-registration/vendor/symfony/console/Application.php(171): Symfony\\Component\\Console\\Application->doRun()
#42 /home/thamjeed/Documents/lantern-registration/vendor/laravel/framework/src/Illuminate/Console/Application.php(94): Symfony\\Component\\Console\\Application->run()
#43 /home/thamjeed/Documents/lantern-registration/vendor/laravel/framework/src/Illuminate/Foundation/Console/Kernel.php(129): Illuminate\\Console\\Application->run()
#44 /home/thamjeed/Documents/lantern-registration/artisan(37): Illuminate\\Foundation\\Console\\Kernel->handle()
#45 {main}
"} 
[2023-04-27 06:11:25] local.ERROR: SQLSTATE[HY000] [1045] Access denied for user 'root'@'localhost' (using password: NO) (SQL: select * from information_schema.tables where table_schema = laravel and table_name = migrations and table_type = 'BASE TABLE') {"exception":"[object] (Illuminate\\Database\\QueryException(code: 1045): SQLSTATE[HY000] [1045] Access denied for user 'root'@'localhost' (using password: NO) (SQL: select * from information_schema.tables where table_schema = laravel and table_name = migrations and table_type = 'BASE TABLE') at /home/thamjeed/Documents/lantern-registration/vendor/laravel/framework/src/Illuminate/Database/Connection.php:712)
[stacktrace]
#0 /home/thamjeed/Documents/lantern-registration/vendor/laravel/framework/src/Illuminate/Database/Connection.php(672): Illuminate\\Database\\Connection->runQueryCallback()
#1 /home/thamjeed/Documents/lantern-registration/vendor/laravel/framework/src/Illuminate/Database/Connection.php(376): Illuminate\\Database\\Connection->run()
#2 /home/thamjeed/Documents/lantern-registration/vendor/laravel/framework/src/Illuminate/Database/Schema/MySqlBuilder.php(44): Illuminate\\Database\\Connection->select()
#3 /home/thamjeed/Documents/lantern-registration/vendor/laravel/framework/src/Illuminate/Database/Migrations/DatabaseMigrationRepository.php(169): Illuminate\\Database\\Schema\\MySqlBuilder->hasTable()
#4 /home/thamjeed/Documents/lantern-registration/vendor/laravel/framework/src/Illuminate/Database/Migrations/Migrator.php(673): Illuminate\\Database\\Migrations\\DatabaseMigrationRepository->repositoryExists()
#5 /home/thamjeed/Documents/lantern-registration/vendor/laravel/framework/src/Illuminate/Database/Console/Migrations/MigrateCommand.php(110): Illuminate\\Database\\Migrations\\Migrator->repositoryExists()
#6 /home/thamjeed/Documents/lantern-registration/vendor/laravel/framework/src/Illuminate/Database/Console/Migrations/MigrateCommand.php(78): Illuminate\\Database\\Console\\Migrations\\MigrateCommand->prepareDatabase()
#7 /home/thamjeed/Documents/lantern-registration/vendor/laravel/framework/src/Illuminate/Database/Migrations/Migrator.php(606): Illuminate\\Database\\Console\\Migrations\\MigrateCommand->Illuminate\\Database\\Console\\Migrations\\{closure}()
#8 /home/thamjeed/Documents/lantern-registration/vendor/laravel/framework/src/Illuminate/Database/Console/Migrations/MigrateCommand.php(98): Illuminate\\Database\\Migrations\\Migrator->usingConnection()
#9 /home/thamjeed/Documents/lantern-registration/vendor/laravel/framework/src/Illuminate/Container/BoundMethod.php(36): Illuminate\\Database\\Console\\Migrations\\MigrateCommand->handle()
#10 /home/thamjeed/Documents/lantern-registration/vendor/laravel/framework/src/Illuminate/Container/Util.php(40): Illuminate\\Container\\BoundMethod::Illuminate\\Container\\{closure}()
#11 /home/thamjeed/Documents/lantern-registration/vendor/laravel/framework/src/Illuminate/Container/BoundMethod.php(93): Illuminate\\Container\\Util::unwrapIfClosure()
#12 /home/thamjeed/Documents/lantern-registration/vendor/laravel/framework/src/Illuminate/Container/BoundMethod.php(37): Illuminate\\Container\\BoundMethod::callBoundMethod()
#13 /home/thamjeed/Documents/lantern-registration/vendor/laravel/framework/src/Illuminate/Container/Container.php(653): Illuminate\\Container\\BoundMethod::call()
#14 /home/thamjeed/Documents/lantern-registration/vendor/laravel/framework/src/Illuminate/Console/Command.php(136): Illuminate\\Container\\Container->call()
#15 /home/thamjeed/Documents/lantern-registration/vendor/symfony/console/Command/Command.php(298): Illuminate\\Console\\Command->execute()
#16 /home/thamjeed/Documents/lantern-registration/vendor/laravel/framework/src/Illuminate/Console/Command.php(121): Symfony\\Component\\Console\\Command\\Command->run()
#17 /home/thamjeed/Documents/lantern-registration/vendor/laravel/framework/src/Illuminate/Console/Concerns/CallsCommands.php(68): Illuminate\\Console\\Command->run()
#18 /home/thamjeed/Documents/lantern-registration/vendor/laravel/framework/src/Illuminate/Console/Concerns/CallsCommands.php(28): Illuminate\\Console\\Command->runCommand()
#19 /home/thamjeed/Documents/lantern-registration/vendor/encore/laravel-admin/src/Console/InstallCommand.php(49): Illuminate\\Console\\Command->call()
#20 /home/thamjeed/Documents/lantern-registration/vendor/encore/laravel-admin/src/Console/InstallCommand.php(37): Encore\\Admin\\Console\\InstallCommand->initDatabase()
#21 /home/thamjeed/Documents/lantern-registration/vendor/laravel/framework/src/Illuminate/Container/BoundMethod.php(36): Encore\\Admin\\Console\\InstallCommand->handle()
#22 /home/thamjeed/Documents/lantern-registration/vendor/laravel/framework/src/Illuminate/Container/Util.php(40): Illuminate\\Container\\BoundMethod::Illuminate\\Container\\{closure}()
#23 /home/thamjeed/Documents/lantern-registration/vendor/laravel/framework/src/Illuminate/Container/BoundMethod.php(93): Illuminate\\Container\\Util::unwrapIfClosure()
#24 /home/thamjeed/Documents/lantern-registration/vendor/laravel/framework/src/Illuminate/Container/BoundMethod.php(37): Illuminate\\Container\\BoundMethod::callBoundMethod()
#25 /home/thamjeed/Documents/lantern-registration/vendor/laravel/framework/src/Illuminate/Container/Container.php(653): Illuminate\\Container\\BoundMethod::call()
#26 /home/thamjeed/Documents/lantern-registration/vendor/laravel/framework/src/Illuminate/Console/Command.php(136): Illuminate\\Container\\Container->call()
#27 /home/thamjeed/Documents/lantern-registration/vendor/symfony/console/Command/Command.php(298): Illuminate\\Console\\Command->execute()
#28 /home/thamjeed/Documents/lantern-registration/vendor/laravel/framework/src/Illuminate/Console/Command.php(121): Symfony\\Component\\Console\\Command\\Command->run()
#29 /home/thamjeed/Documents/lantern-registration/vendor/symfony/console/Application.php(1040): Illuminate\\Console\\Command->run()
#30 /home/thamjeed/Documents/lantern-registration/vendor/symfony/console/Application.php(301): Symfony\\Component\\Console\\Application->doRunCommand()
#31 /home/thamjeed/Documents/lantern-registration/vendor/symfony/console/Application.php(171): Symfony\\Component\\Console\\Application->doRun()
#32 /home/thamjeed/Documents/lantern-registration/vendor/laravel/framework/src/Illuminate/Console/Application.php(94): Symfony\\Component\\Console\\Application->run()
#33 /home/thamjeed/Documents/lantern-registration/vendor/laravel/framework/src/Illuminate/Foundation/Console/Kernel.php(129): Illuminate\\Console\\Application->run()
#34 /home/thamjeed/Documents/lantern-registration/artisan(37): Illuminate\\Foundation\\Console\\Kernel->handle()
#35 {main}

[previous exception] [object] (PDOException(code: 1045): SQLSTATE[HY000] [1045] Access denied for user 'root'@'localhost' (using password: NO) at /home/thamjeed/Documents/lantern-registration/vendor/laravel/framework/src/Illuminate/Database/Connectors/Connector.php:70)
[stacktrace]
#0 /home/thamjeed/Documents/lantern-registration/vendor/laravel/framework/src/Illuminate/Database/Connectors/Connector.php(70): PDO->__construct()
#1 /home/thamjeed/Documents/lantern-registration/vendor/laravel/framework/src/Illuminate/Database/Connectors/Connector.php(46): Illuminate\\Database\\Connectors\\Connector->createPdoConnection()
#2 /home/thamjeed/Documents/lantern-registration/vendor/laravel/framework/src/Illuminate/Database/Connectors/MySqlConnector.php(24): Illuminate\\Database\\Connectors\\Connector->createConnection()
#3 /home/thamjeed/Documents/lantern-registration/vendor/laravel/framework/src/Illuminate/Database/Connectors/ConnectionFactory.php(184): Illuminate\\Database\\Connectors\\MySqlConnector->connect()
#4 [internal function]: Illuminate\\Database\\Connectors\\ConnectionFactory->Illuminate\\Database\\Connectors\\{closure}()
#5 /home/thamjeed/Documents/lantern-registration/vendor/laravel/framework/src/Illuminate/Database/Connection.php(1064): call_user_func()
#6 /home/thamjeed/Documents/lantern-registration/vendor/laravel/framework/src/Illuminate/Database/Connection.php(1100): Illuminate\\Database\\Connection->getPdo()
#7 /home/thamjeed/Documents/lantern-registration/vendor/laravel/framework/src/Illuminate/Database/Connection.php(442): Illuminate\\Database\\Connection->getReadPdo()
#8 /home/thamjeed/Documents/lantern-registration/vendor/laravel/framework/src/Illuminate/Database/Connection.php(368): Illuminate\\Database\\Connection->getPdoForSelect()
#9 /home/thamjeed/Documents/lantern-registration/vendor/laravel/framework/src/Illuminate/Database/Connection.php(705): Illuminate\\Database\\Connection->Illuminate\\Database\\{closure}()
#10 /home/thamjeed/Documents/lantern-registration/vendor/laravel/framework/src/Illuminate/Database/Connection.php(672): Illuminate\\Database\\Connection->runQueryCallback()
#11 /home/thamjeed/Documents/lantern-registration/vendor/laravel/framework/src/Illuminate/Database/Connection.php(376): Illuminate\\Database\\Connection->run()
#12 /home/thamjeed/Documents/lantern-registration/vendor/laravel/framework/src/Illuminate/Database/Schema/MySqlBuilder.php(44): Illuminate\\Database\\Connection->select()
#13 /home/thamjeed/Documents/lantern-registration/vendor/laravel/framework/src/Illuminate/Database/Migrations/DatabaseMigrationRepository.php(169): Illuminate\\Database\\Schema\\MySqlBuilder->hasTable()
#14 /home/thamjeed/Documents/lantern-registration/vendor/laravel/framework/src/Illuminate/Database/Migrations/Migrator.php(673): Illuminate\\Database\\Migrations\\DatabaseMigrationRepository->repositoryExists()
#15 /home/thamjeed/Documents/lantern-registration/vendor/laravel/framework/src/Illuminate/Database/Console/Migrations/MigrateCommand.php(110): Illuminate\\Database\\Migrations\\Migrator->repositoryExists()
#16 /home/thamjeed/Documents/lantern-registration/vendor/laravel/framework/src/Illuminate/Database/Console/Migrations/MigrateCommand.php(78): Illuminate\\Database\\Console\\Migrations\\MigrateCommand->prepareDatabase()
#17 /home/thamjeed/Documents/lantern-registration/vendor/laravel/framework/src/Illuminate/Database/Migrations/Migrator.php(606): Illuminate\\Database\\Console\\Migrations\\MigrateCommand->Illuminate\\Database\\Console\\Migrations\\{closure}()
#18 /home/thamjeed/Documents/lantern-registration/vendor/laravel/framework/src/Illuminate/Database/Console/Migrations/MigrateCommand.php(98): Illuminate\\Database\\Migrations\\Migrator->usingConnection()
#19 /home/thamjeed/Documents/lantern-registration/vendor/laravel/framework/src/Illuminate/Container/BoundMethod.php(36): Illuminate\\Database\\Console\\Migrations\\MigrateCommand->handle()
#20 /home/thamjeed/Documents/lantern-registration/vendor/laravel/framework/src/Illuminate/Container/Util.php(40): Illuminate\\Container\\BoundMethod::Illuminate\\Container\\{closure}()
#21 /home/thamjeed/Documents/lantern-registration/vendor/laravel/framework/src/Illuminate/Container/BoundMethod.php(93): Illuminate\\Container\\Util::unwrapIfClosure()
#22 /home/thamjeed/Documents/lantern-registration/vendor/laravel/framework/src/Illuminate/Container/BoundMethod.php(37): Illuminate\\Container\\BoundMethod::callBoundMethod()
#23 /home/thamjeed/Documents/lantern-registration/vendor/laravel/framework/src/Illuminate/Container/Container.php(653): Illuminate\\Container\\BoundMethod::call()
#24 /home/thamjeed/Documents/lantern-registration/vendor/laravel/framework/src/Illuminate/Console/Command.php(136): Illuminate\\Container\\Container->call()
#25 /home/thamjeed/Documents/lantern-registration/vendor/symfony/console/Command/Command.php(298): Illuminate\\Console\\Command->execute()
#26 /home/thamjeed/Documents/lantern-registration/vendor/laravel/framework/src/Illuminate/Console/Command.php(121): Symfony\\Component\\Console\\Command\\Command->run()
#27 /home/thamjeed/Documents/lantern-registration/vendor/laravel/framework/src/Illuminate/Console/Concerns/CallsCommands.php(68): Illuminate\\Console\\Command->run()
#28 /home/thamjeed/Documents/lantern-registration/vendor/laravel/framework/src/Illuminate/Console/Concerns/CallsCommands.php(28): Illuminate\\Console\\Command->runCommand()
#29 /home/thamjeed/Documents/lantern-registration/vendor/encore/laravel-admin/src/Console/InstallCommand.php(49): Illuminate\\Console\\Command->call()
#30 /home/thamjeed/Documents/lantern-registration/vendor/encore/laravel-admin/src/Console/InstallCommand.php(37): Encore\\Admin\\Console\\InstallCommand->initDatabase()
#31 /home/thamjeed/Documents/lantern-registration/vendor/laravel/framework/src/Illuminate/Container/BoundMethod.php(36): Encore\\Admin\\Console\\InstallCommand->handle()
#32 /home/thamjeed/Documents/lantern-registration/vendor/laravel/framework/src/Illuminate/Container/Util.php(40): Illuminate\\Container\\BoundMethod::Illuminate\\Container\\{closure}()
#33 /home/thamjeed/Documents/lantern-registration/vendor/laravel/framework/src/Illuminate/Container/BoundMethod.php(93): Illuminate\\Container\\Util::unwrapIfClosure()
#34 /home/thamjeed/Documents/lantern-registration/vendor/laravel/framework/src/Illuminate/Container/BoundMethod.php(37): Illuminate\\Container\\BoundMethod::callBoundMethod()
#35 /home/thamjeed/Documents/lantern-registration/vendor/laravel/framework/src/Illuminate/Container/Container.php(653): Illuminate\\Container\\BoundMethod::call()
#36 /home/thamjeed/Documents/lantern-registration/vendor/laravel/framework/src/Illuminate/Console/Command.php(136): Illuminate\\Container\\Container->call()
#37 /home/thamjeed/Documents/lantern-registration/vendor/symfony/console/Command/Command.php(298): Illuminate\\Console\\Command->execute()
#38 /home/thamjeed/Documents/lantern-registration/vendor/laravel/framework/src/Illuminate/Console/Command.php(121): Symfony\\Component\\Console\\Command\\Command->run()
#39 /home/thamjeed/Documents/lantern-registration/vendor/symfony/console/Application.php(1040): Illuminate\\Console\\Command->run()
#40 /home/thamjeed/Documents/lantern-registration/vendor/symfony/console/Application.php(301): Symfony\\Component\\Console\\Application->doRunCommand()
#41 /home/thamjeed/Documents/lantern-registration/vendor/symfony/console/Application.php(171): Symfony\\Component\\Console\\Application->doRun()
#42 /home/thamjeed/Documents/lantern-registration/vendor/laravel/framework/src/Illuminate/Console/Application.php(94): Symfony\\Component\\Console\\Application->run()
#43 /home/thamjeed/Documents/lantern-registration/vendor/laravel/framework/src/Illuminate/Foundation/Console/Kernel.php(129): Illuminate\\Console\\Application->run()
#44 /home/thamjeed/Documents/lantern-registration/artisan(37): Illuminate\\Foundation\\Console\\Kernel->handle()
#45 {main}
"} 
